<?xml version="1.0" encoding="UTF-8"?>
<!-- Generated by org.testng.reporters.JUnitReportReporter -->
<testsuite hostname="CPDK346" failures="0" tests="2" name="com.ApiTesting.FirstTest" time="2.886" errors="0" timestamp="2024-07-05T12:18:55 IST" skipped="0">
  <testcase classname="com.ApiTesting.FirstTest" name="GetApiTest1" time="1.238"/>
  <testcase classname="com.ApiTesting.FirstTest" name="GetApiTest" time="1.648"/>
</testsuite> <!-- com.ApiTesting.FirstTest -->
