<?xml version="1.0" encoding="UTF-8"?>
<!-- Generated by org.testng.reporters.JUnitReportReporter -->
<testsuite hostname="CPDK346" failures="0" tests="1" name="com.ApiTesting.JSONSchemaValidator" time="1.900" errors="0" timestamp="2024-07-05T17:03:23 IST" skipped="0">
  <testcase classname="com.ApiTesting.JSONSchemaValidator" name="testget" time="1.900"/>
</testsuite> <!-- com.ApiTesting.JSONSchemaValidator -->
