<?xml version="1.0" encoding="UTF-8"?>
<!-- Generated by org.testng.reporters.JUnitReportReporter -->
<testsuite hostname="CPDK346" failures="0" tests="1" name="com.ApiTesting.PutPatchandDeleteRequest" time="2.547" errors="0" timestamp="2024-07-05T15:01:30 IST" skipped="0">
  <testcase classname="com.ApiTesting.PutPatchandDeleteRequest" name="DELETERequest" time="2.547"/>
</testsuite> <!-- com.ApiTesting.PutPatchandDeleteRequest -->
