<?xml version="1.0" encoding="UTF-8"?>
<!-- Generated by org.testng.reporters.JUnitReportReporter -->
<testsuite hostname="CPDK346" failures="0" tests="3" name="com.ApiTesting.TestandPOSTRequest" time="3.036" errors="0" timestamp="2024-07-05T14:49:33 IST" skipped="0">
  <testcase classname="com.ApiTesting.TestandPOSTRequest" name="GETRequest1" time="0.145"/>
  <testcase classname="com.ApiTesting.TestandPOSTRequest" name="GETRequest" time="2.614"/>
  <testcase classname="com.ApiTesting.TestandPOSTRequest" name="POSTRequest" time="0.277"/>
</testsuite> <!-- com.ApiTesting.TestandPOSTRequest -->
