<?xml version="1.0" encoding="UTF-8"?>
<!-- Generated by org.testng.reporters.JUnitReportReporter -->
<testsuite hostname="CPDK346" failures="0" tests="2" name="com.ApiTesting.ReactHomePage" time="2.372" errors="0" timestamp="2024-07-05T12:46:37 IST" skipped="0">
  <testcase classname="com.ApiTesting.ReactHomePage" name="HomeApiTest" time="1.462"/>
  <testcase classname="com.ApiTesting.ReactHomePage" name="HomeApiTest1" time="0.910"/>
</testsuite> <!-- com.ApiTesting.ReactHomePage -->
